Flutter crash report.
Please report a bug at https://github.com/flutter/flutter/issues.

## command

flutter build web --release

## exception

PathNotFoundException: PathNotFoundException: Creation failed, path = '/Users/coltonbristow/Documents/GitHub/voo_logging/extension/devtools/build/web' (OS Error: No such file or directory, errno = 2)

```
#0      _Directory.createSync (dart:io/directory_impl.dart:146:7)
#1      ForwardingDirectory.createSync (package:file/src/forwarding/forwarding_directory.dart:20:16)
#2      ErrorHandlingDirectory.createSync.<anonymous closure> (package:flutter_tools/src/base/error_handling_io.dart:398:22)
#3      _runSync (package:flutter_tools/src/base/error_handling_io.dart:549:14)
#4      ErrorHandlingDirectory.createSync (package:flutter_tools/src/base/error_handling_io.dart:397:12)
#5      WebBuilder.buildWeb (package:flutter_tools/src/web/compile.dart:78:21)
<asynchronous suspension>
#6      BuildWebCommand.runCommand (package:flutter_tools/src/commands/build_web.dart:246:5)
<asynchronous suspension>
#7      FlutterCommand.run.<anonymous closure> (package:flutter_tools/src/runner/flutter_command.dart:1563:27)
<asynchronous suspension>
#8      AppContext.run.<anonymous closure> (package:flutter_tools/src/base/context.dart:154:19)
<asynchronous suspension>
#9      CommandRunner.runCommand (package:args/command_runner.dart:212:13)
<asynchronous suspension>
#10     FlutterCommandRunner.runCommand.<anonymous closure> (package:flutter_tools/src/runner/flutter_command_runner.dart:494:9)
<asynchronous suspension>
#11     AppContext.run.<anonymous closure> (package:flutter_tools/src/base/context.dart:154:19)
<asynchronous suspension>
#12     FlutterCommandRunner.runCommand (package:flutter_tools/src/runner/flutter_command_runner.dart:431:5)
<asynchronous suspension>
#13     run.<anonymous closure>.<anonymous closure> (package:flutter_tools/runner.dart:98:11)
<asynchronous suspension>
#14     AppContext.run.<anonymous closure> (package:flutter_tools/src/base/context.dart:154:19)
<asynchronous suspension>
#15     main (package:flutter_tools/executable.dart:102:3)
<asynchronous suspension>
```

## flutter doctor

```
[✓] Flutter (Channel stable, 3.32.7, on macOS 15.5 24F74 darwin-arm64, locale en-US) [326ms]
    • Flutter version 3.32.7 on channel stable at /opt/homebrew/Caskroom/flutter/3.19.6/flutter
    • Upstream repository https://github.com/flutter/flutter.git
    • Framework revision d7b523b356 (3 weeks ago), 2025-07-15 17:03:46 -0700
    • Engine revision 39d6d6e699
    • Dart version 3.8.1
    • DevTools version 2.45.1

[!] Android toolchain - develop for Android devices (Android SDK version 35.0.0) [1,121ms]
    • Android SDK at /Users/coltonbristow/Library/Android/sdk
    • Platform android-35, build-tools 35.0.0
    • Java binary at: /Applications/Android Studio.app/Contents/jbr/Contents/Home/bin/java
      This is the JDK bundled with the latest Android Studio installation on this machine.
      To manually set the JDK path, use: `flutter config --jdk-dir="path/to/jdk"`.
    • Java version OpenJDK Runtime Environment (build 21.0.3+-79915917-b509.11)
    ! Some Android licenses not accepted. To resolve this, run: flutter doctor --android-licenses

[✓] Xcode - develop for iOS and macOS (Xcode 16.4) [631ms]
    • Xcode at /Applications/Xcode.app/Contents/Developer
    • Build 16F6
    • CocoaPods version 1.16.2

[✓] Chrome - develop for the web [85ms]
    • Chrome at /Applications/Google Chrome.app/Contents/MacOS/Google Chrome

[✓] Android Studio (version 2024.2) [85ms]
    • Android Studio at /Applications/Android Studio.app/Contents
    • Flutter plugin can be installed from:
      🔨 https://plugins.jetbrains.com/plugin/9212-flutter
    • Dart plugin can be installed from:
      🔨 https://plugins.jetbrains.com/plugin/6351-dart
    • Java version OpenJDK Runtime Environment (build 21.0.3+-79915917-b509.11)

[✓] IntelliJ IDEA Ultimate Edition (version 2024.3.1.1) [84ms]
    • IntelliJ at /Applications/IntelliJ IDEA.app
    • Flutter plugin version 86.0.1
    • Dart plugin version 243.26753.1

[✓] VS Code (version 1.102.3) [6ms]
    • VS Code at /Applications/Visual Studio Code.app/Contents
    • Flutter extension version 3.116.0

[✓] Connected device (3 available) [6.2s]
    • Colton’s Iphone (wireless) (mobile) • 00008140-001C50542182801C • ios            • iOS 18.5 22F76
    • macOS (desktop)                     • macos                     • darwin-arm64   • macOS 15.5 24F74 darwin-arm64
    • Chrome (web)                        • chrome                    • web-javascript • Google Chrome 138.0.7204.184
    ! Error: Browsing on the local area network for Iphone (6). Ensure the device is unlocked and attached with a cable or associated with the same local area network as this Mac.
      The device must be opted into Developer Mode to connect wirelessly. (code -27)

[✓] Network resources [208ms]
    • All expected network resources are available.

! Doctor found issues in 1 category.
```
